<?xml version="1.0" encoding="UTF-8"?>
<coverage generated="1737282110153" clover="3.2.0">
  <project timestamp="1737282110153" name="All files">
    <metrics statements="27" coveredstatements="27" conditionals="24" coveredconditionals="12" methods="12" coveredmethods="12" elements="63" coveredelements="51" complexity="0" loc="27" ncloc="27" packages="2" files="2" classes="2"/>
    <package name="dist.src.services">
      <metrics statements="17" coveredstatements="17" conditionals="12" coveredconditionals="6" methods="6" coveredmethods="6"/>
      <file name="textServices.js" path="D:\Starlab\Text-Analyzer-Tool\dist\src\services\textServices.js">
        <metrics statements="17" coveredstatements="17" conditionals="12" coveredconditionals="6" methods="6" coveredmethods="6"/>
        <line num="2" count="1" type="stmt"/>
        <line num="3" count="1" type="stmt"/>
        <line num="4" count="1" type="stmt"/>
        <line num="5" count="1" type="stmt"/>
        <line num="7" count="1" type="stmt"/>
        <line num="8" count="1" type="stmt"/>
        <line num="9" count="1" type="stmt"/>
        <line num="11" count="1" type="stmt"/>
        <line num="12" count="1" type="stmt"/>
        <line num="13" count="1" type="cond" truecount="1" falsecount="1"/>
        <line num="18" count="1" type="stmt"/>
        <line num="19" count="1" type="stmt"/>
        <line num="20" count="1" type="cond" truecount="1" falsecount="1"/>
        <line num="22" count="1" type="stmt"/>
        <line num="23" count="1" type="stmt"/>
        <line num="24" count="16" type="cond" truecount="2" falsecount="0"/>
        <line num="26" count="1" type="stmt"/>
      </file>
    </package>
    <package name="src.services">
      <metrics statements="10" coveredstatements="10" conditionals="12" coveredconditionals="6" methods="6" coveredmethods="6"/>
      <file name="textServices.ts" path="D:\Starlab\Text-Analyzer-Tool\src\services\textServices.ts">
        <metrics statements="10" coveredstatements="10" conditionals="12" coveredconditionals="6" methods="6" coveredmethods="6"/>
        <line num="1" count="1" type="stmt"/>
        <line num="2" count="1" type="stmt"/>
        <line num="5" count="1" type="stmt"/>
        <line num="6" count="1" type="stmt"/>
        <line num="9" count="1" type="stmt"/>
        <line num="10" count="1" type="stmt"/>
        <line num="18" count="1" type="stmt"/>
        <line num="19" count="1" type="cond" truecount="1" falsecount="1"/>
        <line num="22" count="1" type="stmt"/>
        <line num="23" count="16" type="cond" truecount="2" falsecount="0"/>
      </file>
    </package>
  </project>
</coverage>
