{"D:\\Starlab\\Text-Analyzer-Tool\\dist\\src\\services\\textServices.js": {"path":"D:\\Starlab\\Text-Analyzer-Tool\\dist\\src\\services\\textServices.js","statementMap":{"0":{"start":{"line":2,"column":0},"end":{"line":2,"column":62}},"1":{"start":{"line":3,"column":0},"end":{"line":3,"column":131}},"2":{"start":{"line":4,"column":19},"end":{"line":6,"column":1}},"3":{"start":{"line":5,"column":4},"end":{"line":5,"column":43}},"4":{"start":{"line":7,"column":0},"end":{"line":7,"column":32}},"5":{"start":{"line":8,"column":24},"end":{"line":10,"column":1}},"6":{"start":{"line":9,"column":4},"end":{"line":9,"column":23}},"7":{"start":{"line":11,"column":0},"end":{"line":11,"column":42}},"8":{"start":{"line":12,"column":23},"end":{"line":17,"column":1}},"9":{"start":{"line":13,"column":4},"end":{"line":16,"column":18}},"10":{"start":{"line":18,"column":0},"end":{"line":18,"column":40}},"11":{"start":{"line":19,"column":24},"end":{"line":21,"column":1}},"12":{"start":{"line":20,"column":4},"end":{"line":20,"column":48}},"13":{"start":{"line":22,"column":0},"end":{"line":22,"column":42}},"14":{"start":{"line":23,"column":24},"end":{"line":25,"column":1}},"15":{"start":{"line":24,"column":4},"end":{"line":24,"column":108}},"16":{"start":{"line":24,"column":56},"end":{"line":24,"column":101}},"17":{"start":{"line":26,"column":0},"end":{"line":26,"column":42}}},"fnMap":{"0":{"name":"(anonymous_0)","decl":{"start":{"line":4,"column":19},"end":{"line":4,"column":20}},"loc":{"start":{"line":4,"column":29},"end":{"line":6,"column":1}},"line":4},"1":{"name":"(anonymous_1)","decl":{"start":{"line":8,"column":24},"end":{"line":8,"column":25}},"loc":{"start":{"line":8,"column":34},"end":{"line":10,"column":1}},"line":8},"2":{"name":"(anonymous_2)","decl":{"start":{"line":12,"column":23},"end":{"line":12,"column":24}},"loc":{"start":{"line":12,"column":33},"end":{"line":17,"column":1}},"line":12},"3":{"name":"(anonymous_3)","decl":{"start":{"line":19,"column":24},"end":{"line":19,"column":25}},"loc":{"start":{"line":19,"column":34},"end":{"line":21,"column":1}},"line":19},"4":{"name":"(anonymous_4)","decl":{"start":{"line":23,"column":24},"end":{"line":23,"column":25}},"loc":{"start":{"line":23,"column":34},"end":{"line":25,"column":1}},"line":23},"5":{"name":"(anonymous_5)","decl":{"start":{"line":24,"column":36},"end":{"line":24,"column":37}},"loc":{"start":{"line":24,"column":56},"end":{"line":24,"column":101}},"line":24}},"branchMap":{"0":{"loc":{"start":{"line":13,"column":13},"end":{"line":13,"column":47}},"type":"binary-expr","locations":[{"start":{"line":13,"column":13},"end":{"line":13,"column":41}},{"start":{"line":13,"column":45},"end":{"line":13,"column":47}}],"line":13},"1":{"loc":{"start":{"line":14,"column":9},"end":{"line":16,"column":15}},"type":"cond-expr","locations":[{"start":{"line":15,"column":14},"end":{"line":15,"column":15}},{"start":{"line":16,"column":14},"end":{"line":16,"column":15}}],"line":14},"2":{"loc":{"start":{"line":14,"column":9},"end":{"line":14,"column":114}},"type":"binary-expr","locations":[{"start":{"line":14,"column":9},"end":{"line":14,"column":34}},{"start":{"line":14,"column":38},"end":{"line":14,"column":63}},{"start":{"line":14,"column":67},"end":{"line":14,"column":92}},{"start":{"line":14,"column":96},"end":{"line":14,"column":114}}],"line":14},"3":{"loc":{"start":{"line":20,"column":12},"end":{"line":20,"column":39}},"type":"binary-expr","locations":[{"start":{"line":20,"column":12},"end":{"line":20,"column":33}},{"start":{"line":20,"column":37},"end":{"line":20,"column":39}}],"line":20},"4":{"loc":{"start":{"line":24,"column":56},"end":{"line":24,"column":101}},"type":"cond-expr","locations":[{"start":{"line":24,"column":87},"end":{"line":24,"column":91}},{"start":{"line":24,"column":94},"end":{"line":24,"column":101}}],"line":24}},"s":{"0":1,"1":1,"2":1,"3":1,"4":1,"5":1,"6":1,"7":1,"8":1,"9":1,"10":1,"11":1,"12":1,"13":1,"14":1,"15":1,"16":16,"17":1},"f":{"0":1,"1":1,"2":1,"3":1,"4":1,"5":16},"b":{"0":[1,0],"1":[1,0],"2":[1,0,0,0],"3":[1,0],"4":[2,14]},"inputSourceMap":null,"_coverageSchema":"1a1c01bbd47fc00a2c39e90264f33305004495a9","hash":"bc54135bf5b16d220044e87d0308a9c37b04b5f5"}
,"D:\\Starlab\\Text-Analyzer-Tool\\src\\services\\textServices.ts": {"path":"D:\\Starlab\\Text-Analyzer-Tool\\src\\services\\textServices.ts","statementMap":{"0":{"start":{"line":1,"column":26},"end":{"line":3,"column":1}},"1":{"start":{"line":2,"column":2},"end":{"line":2,"column":41}},"2":{"start":{"line":1,"column":13},"end":{"line":1,"column":26}},"3":{"start":{"line":5,"column":31},"end":{"line":7,"column":1}},"4":{"start":{"line":6,"column":2},"end":{"line":6,"column":21}},"5":{"start":{"line":5,"column":13},"end":{"line":5,"column":31}},"6":{"start":{"line":9,"column":30},"end":{"line":16,"column":1}},"7":{"start":{"line":10,"column":2},"end":{"line":15,"column":4}},"8":{"start":{"line":9,"column":13},"end":{"line":9,"column":30}},"9":{"start":{"line":18,"column":31},"end":{"line":20,"column":1}},"10":{"start":{"line":19,"column":2},"end":{"line":19,"column":46}},"11":{"start":{"line":18,"column":13},"end":{"line":18,"column":31}},"12":{"start":{"line":22,"column":31},"end":{"line":24,"column":1}},"13":{"start":{"line":23,"column":2},"end":{"line":23,"column":106}},"14":{"start":{"line":23,"column":54},"end":{"line":23,"column":99}},"15":{"start":{"line":22,"column":13},"end":{"line":22,"column":31}}},"fnMap":{"0":{"name":"(anonymous_0)","decl":{"start":{"line":1,"column":26},"end":{"line":1,"column":27}},"loc":{"start":{"line":1,"column":51},"end":{"line":3,"column":1}}},"1":{"name":"(anonymous_1)","decl":{"start":{"line":5,"column":31},"end":{"line":5,"column":32}},"loc":{"start":{"line":5,"column":56},"end":{"line":7,"column":1}}},"2":{"name":"(anonymous_2)","decl":{"start":{"line":9,"column":30},"end":{"line":9,"column":31}},"loc":{"start":{"line":9,"column":55},"end":{"line":16,"column":1}}},"3":{"name":"(anonymous_3)","decl":{"start":{"line":18,"column":31},"end":{"line":18,"column":32}},"loc":{"start":{"line":18,"column":56},"end":{"line":20,"column":1}}},"4":{"name":"(anonymous_4)","decl":{"start":{"line":22,"column":31},"end":{"line":22,"column":32}},"loc":{"start":{"line":22,"column":56},"end":{"line":24,"column":1}}},"5":{"name":"(anonymous_5)","decl":{"start":{"line":23,"column":34},"end":{"line":23,"column":35}},"loc":{"start":{"line":23,"column":54},"end":{"line":23,"column":99}}}},"branchMap":{"0":{"loc":{"start":{"line":11,"column":5},"end":{"line":11,"column":39}},"type":"binary-expr","locations":[{"start":{"line":11,"column":5},"end":{"line":11,"column":33}},{"start":{"line":11,"column":37},"end":{"line":11,"column":39}}]},"1":{"loc":{"start":{"line":12,"column":5},"end":{"line":14,"column":9}},"type":"cond-expr","locations":[{"start":{"line":13,"column":8},"end":{"line":13,"column":9}},{"start":{"line":14,"column":8},"end":{"line":14,"column":9}}]},"2":{"loc":{"start":{"line":12,"column":5},"end":{"line":12,"column":110}},"type":"binary-expr","locations":[{"start":{"line":12,"column":5},"end":{"line":12,"column":30}},{"start":{"line":12,"column":34},"end":{"line":12,"column":59}},{"start":{"line":12,"column":63},"end":{"line":12,"column":88}},{"start":{"line":12,"column":92},"end":{"line":12,"column":110}}]},"3":{"loc":{"start":{"line":19,"column":10},"end":{"line":19,"column":37}},"type":"binary-expr","locations":[{"start":{"line":19,"column":10},"end":{"line":19,"column":31}},{"start":{"line":19,"column":35},"end":{"line":19,"column":37}}]},"4":{"loc":{"start":{"line":23,"column":54},"end":{"line":23,"column":99}},"type":"cond-expr","locations":[{"start":{"line":23,"column":85},"end":{"line":23,"column":89}},{"start":{"line":23,"column":92},"end":{"line":23,"column":99}}]}},"s":{"0":1,"1":1,"2":1,"3":1,"4":1,"5":1,"6":1,"7":1,"8":1,"9":1,"10":1,"11":1,"12":1,"13":1,"14":16,"15":1},"f":{"0":1,"1":1,"2":1,"3":1,"4":1,"5":16},"b":{"0":[1,0],"1":[1,0],"2":[1,0,0,0],"3":[1,0],"4":[2,14]}}
}
