TN:
SF:dist\src\services\textServices.js
FN:4,(anonymous_0)
FN:8,(anonymous_1)
FN:12,(anonymous_2)
FN:19,(anonymous_3)
FN:23,(anonymous_4)
FN:24,(anonymous_5)
FNF:6
FNH:6
FNDA:1,(anonymous_0)
FNDA:1,(anonymous_1)
FNDA:1,(anonymous_2)
FNDA:1,(anonymous_3)
FNDA:1,(anonymous_4)
FNDA:16,(anonymous_5)
DA:2,1
DA:3,1
DA:4,1
DA:5,1
DA:7,1
DA:8,1
DA:9,1
DA:11,1
DA:12,1
DA:13,1
DA:18,1
DA:19,1
DA:20,1
DA:22,1
DA:23,1
DA:24,16
DA:26,1
LF:17
LH:17
BRDA:13,0,0,1
BRDA:13,0,1,0
BRDA:14,1,0,1
BRDA:14,1,1,0
BRDA:14,2,0,1
BRDA:14,2,1,0
BRDA:14,2,2,0
BRDA:14,2,3,0
BRDA:20,3,0,1
BRDA:20,3,1,0
BRDA:24,4,0,2
BRDA:24,4,1,14
BRF:12
BRH:6
end_of_record
TN:
SF:src\services\textServices.ts
FN:1,(anonymous_0)
FN:5,(anonymous_1)
FN:9,(anonymous_2)
FN:18,(anonymous_3)
FN:22,(anonymous_4)
FN:23,(anonymous_5)
FNF:6
FNH:6
FNDA:1,(anonymous_0)
FNDA:1,(anonymous_1)
FNDA:1,(anonymous_2)
FNDA:1,(anonymous_3)
FNDA:1,(anonymous_4)
FNDA:16,(anonymous_5)
DA:1,1
DA:2,1
DA:5,1
DA:6,1
DA:9,1
DA:10,1
DA:18,1
DA:19,1
DA:22,1
DA:23,16
LF:10
LH:10
BRDA:11,0,0,1
BRDA:11,0,1,0
BRDA:12,1,0,1
BRDA:12,1,1,0
BRDA:12,2,0,1
BRDA:12,2,1,0
BRDA:12,2,2,0
BRDA:12,2,3,0
BRDA:19,3,0,1
BRDA:19,3,1,0
BRDA:23,4,0,2
BRDA:23,4,1,14
BRF:12
BRH:6
end_of_record
